<?xml version="1.0" encoding="UTF-8"?>
<!-- Generated by org.testng.reporters.JUnitXMLReporter -->
<testsuite hostname="JSUjo-PC" ignored="0" name="Rectangle Health(failed)(failed)" tests="3" failures="2" timestamp="13 Nov 2019 21:37:04 GMT" time="32.769" errors="0">
  <testcase name="loginDDT" time="4.135" classname="com.rh.testCases.TC_LoginDDT_004">
    <failure type="java.lang.AssertionError" message="expected [true] but found [false]">
      <![CDATA[java.lang.AssertionError: expected [true] but found [false]
at com.rh.testCases.TC_LoginDDT_004.loginDDT(TC_LoginDDT_004.java:42)
... Removed 29 stack frames]]>
    </failure>
  </testcase> <!-- loginDDT -->
  <testcase name="loginDDT" time="3.987" classname="com.rh.testCases.TC_LoginDDT_004">
    <failure type="java.lang.AssertionError" message="expected [true] but found [false]">
      <![CDATA[java.lang.AssertionError: expected [true] but found [false]
at com.rh.testCases.TC_LoginDDT_004.loginDDT(TC_LoginDDT_004.java:42)
... Removed 29 stack frames]]>
    </failure>
  </testcase> <!-- loginDDT -->
  <testcase name="addNewVault" time="11.147" classname="com.rh.testCases.TC_AddVault_003"/>
</testsuite> <!-- Rectangle Health(failed)(failed) -->
